<?xml version="1.0" encoding="UTF-8"?>
<!-- Generated by org.testng.reporters.JUnitXMLReporter -->
<testsuite ignored="0" hostname="LAPTOP-JHRFGKN6" failures="0" tests="3" name="Default test" time="1.054" errors="0" timestamp="2024-03-02T12:29:56 IST">
  <testcase classname="dataDriven.excelDataProvider.dataProvide" name="testCaseData" time="0.014"/>
  <testcase classname="dataDriven.excelDataProvider.dataProvide" name="testCaseData" time="0.004"/>
  <testcase classname="dataDriven.excelDataProvider.dataProvide" name="testCaseData" time="0.004"/>
</testsuite> <!-- Default test -->
