<?xml version="1.0" encoding="UTF-8"?>
<testng-results ignored="0" total="1" passed="1" failed="0" skipped="0">
  <reporter-output>
  </reporter-output>
  <suite started-at="2024-02-24T17:14:24 IST" name="Suite" finished-at="2024-02-24T17:14:32 IST" duration-ms="7575">
    <groups>
      <group name="ErrorHandling">
        <method signature="ErrorValidationsTest.loginErrorValidation()[pri:0, instance:rahulshettyacademy.tests.ErrorValidationsTest@3f4faf53]" name="loginErrorValidation" class="rahulshettyacademy.tests.ErrorValidationsTest"/>
      </group> <!-- ErrorHandling -->
    </groups>
    <test started-at="2024-02-24T17:14:24 IST" name="Submit Order Test" finished-at="2024-02-24T17:14:24 IST" duration-ms="21">
    </test> <!-- Submit Order Test -->
    <test started-at="2024-02-24T17:14:24 IST" name="Error Validations Test" finished-at="2024-02-24T17:14:32 IST" duration-ms="7571">
      <class name="rahulshettyacademy.tests.ErrorValidationsTest">
        <test-method is-config="true" signature="lauchApplication()[pri:0, instance:rahulshettyacademy.tests.ErrorValidationsTest@3f4faf53]" started-at="2024-02-24T17:14:24 IST" name="lauchApplication" finished-at="2024-02-24T17:14:31 IST" duration-ms="6698" status="PASS">
          <reporter-output>
          </reporter-output>
        </test-method> <!-- lauchApplication -->
        <test-method signature="loginErrorValidation()[pri:0, instance:rahulshettyacademy.tests.ErrorValidationsTest@3f4faf53]" started-at="2024-02-24T17:14:31 IST" name="loginErrorValidation" finished-at="2024-02-24T17:14:32 IST" duration-ms="613" status="PASS">
          <reporter-output>
          </reporter-output>
        </test-method> <!-- loginErrorValidation -->
        <test-method is-config="true" signature="tearDown()[pri:0, instance:rahulshettyacademy.tests.ErrorValidationsTest@3f4faf53]" started-at="2024-02-24T17:14:32 IST" name="tearDown" finished-at="2024-02-24T17:14:32 IST" duration-ms="170" status="PASS">
          <reporter-output>
          </reporter-output>
        </test-method> <!-- tearDown -->
      </class> <!-- rahulshettyacademy.tests.ErrorValidationsTest -->
    </test> <!-- Error Validations Test -->
  </suite> <!-- Suite -->
</testng-results>
