<?xml version="1.0" encoding="UTF-8"?>
<testng-results ignored="0" total="1" passed="1" failed="0" skipped="0">
  <reporter-output>
  </reporter-output>
  <suite started-at="2024-01-28T11:03:13 IST" name="Default suite" finished-at="2024-01-28T11:03:13 IST" duration-ms="66">
    <groups>
    </groups>
    <test started-at="2024-01-28T11:03:13 IST" name="Default test" finished-at="2024-01-28T11:03:13 IST" duration-ms="66">
      <class name="Inheritance.ChildClass">
        <test-method is-config="true" signature="beforeRun()[pri:0, instance:Inheritance.ChildClass@5ace1ed4]" started-at="2024-01-28T11:03:13 IST" name="beforeRun" finished-at="2024-01-28T11:03:13 IST" duration-ms="6" status="PASS">
          <reporter-output>
          </reporter-output>
        </test-method> <!-- beforeRun -->
        <test-method signature="testRun()[pri:0, instance:Inheritance.ChildClass@5ace1ed4]" started-at="2024-01-28T11:03:13 IST" name="testRun" finished-at="2024-01-28T11:03:13 IST" duration-ms="10" status="PASS">
          <reporter-output>
          </reporter-output>
        </test-method> <!-- testRun -->
        <test-method is-config="true" signature="afterRun()[pri:0, instance:Inheritance.ChildClass@5ace1ed4]" started-at="2024-01-28T11:03:13 IST" name="afterRun" finished-at="2024-01-28T11:03:13 IST" duration-ms="2" status="PASS">
          <reporter-output>
          </reporter-output>
        </test-method> <!-- afterRun -->
      </class> <!-- Inheritance.ChildClass -->
    </test> <!-- Default test -->
  </suite> <!-- Default suite -->
</testng-results>
