<?xml version="1.0" encoding="UTF-8"?>
<!-- Generated by org.testng.reporters.JUnitXMLReporter -->
<testsuite ignored="1" hostname="LAPTOP-JHRFGKN6" failures="0" tests="7" name="Car Loan" time="0.248" errors="0" timestamp="2024-02-17T09:25:19 IST">
  <testcase classname="Test.day3" name="APILoginCarLoan" time="0.022"/>
  <testcase classname="Test.day3" name="APILoginCarLoan" time="0.005"/>
  <testcase classname="Test.day3" name="APILoginCarLoan" time="0.007"/>
  <testcase classname="Test.day3" name="MobileSigninCarLogin" time="0.008"/>
  <testcase classname="Test.day3" name="MobileSignoutCarLogin" time="0.006"/>
  <testcase classname="Test.day3" name="MobileloginCarLogin" time="0.004"/>
  <testcase classname="Test.day3" name="WebloginCarLoan" time="0.003"/>
  <testcase classname="Test.day3" name="CarInsurance" time="0.0">
    <ignored/>
  </testcase> <!-- CarInsurance -->
</testsuite> <!-- Car Loan -->
