<?xml version="1.0" encoding="UTF-8"?>
<!-- Generated by org.testng.reporters.JUnitXMLReporter -->
<testsuite ignored="1" hostname="LAPTOP-JHRFGKN6" failures="0" tests="4" name="Home Loan" time="0.045" errors="0" timestamp="2024-02-17T09:25:20 IST">
  <testcase classname="Test.day4" name="MobileloginHomeLogin" time="0.002"/>
  <testcase classname="Test.day4" name="Timeout" time="0.008"/>
  <testcase classname="Test.day4" name="WebloginHomeLoan" time="0.003"/>
  <testcase classname="Test.day4" name="APILoginHomeLoan" time="0.002"/>
  <testcase classname="Test.day4" name="EnabledTest" time="0.0">
    <ignored/>
  </testcase> <!-- EnabledTest -->
</testsuite> <!-- Home Loan -->
