<?xml version="1.0" encoding="UTF-8"?>
<!-- Generated by org.testng.reporters.JUnitXMLReporter -->
<testsuite ignored="0" hostname="LAPTOP-JHRFGKN6" failures="1" tests="3" name="Personal Loan" time="0.139" errors="0" timestamp="2024-02-17T09:25:19 IST">
  <testcase classname="Test.RunningTestcasesInTestNG" name="Demo" time="0.024"/>
  <testcase classname="Test.RunningTestcasesInTestNG" name="SecondTest" time="0.006">
    <failure type="java.lang.AssertionError" message="expected [true] but found [false]">
      <![CDATA[java.lang.AssertionError: expected [true] but found [false]
at Test.RunningTestcasesInTestNG.SecondTest(RunningTestcasesInTestNG.java:45)
at java.base/java.util.ArrayList.forEach(ArrayList.java:1511)
at java.base/java.util.concurrent.FutureTask.run(FutureTask.java:264)
at java.base/java.util.concurrent.ThreadPoolExecutor.runWorker(ThreadPoolExecutor.java:1136)
at java.base/java.util.concurrent.ThreadPoolExecutor$Worker.run(ThreadPoolExecutor.java:635)
at java.base/java.lang.Thread.run(Thread.java:840)
... Removed 22 stack frames]]>
    </failure>
  </testcase> <!-- SecondTest -->
  <testcase classname="Test.XMLFile" name="PersonalLoan" time="0.013"/>
</testsuite> <!-- Personal Loan -->
