<?xml version="1.0" encoding="UTF-8"?>
<!-- Generated by org.testng.reporters.JUnitXMLReporter -->
<testsuite ignored="10" hostname="LAPTOP-JHRFGKN6" failures="0" tests="3" name="Regression" time="0.071" errors="0" timestamp="2024-01-26T21:54:09 IST">
  <testcase classname="Test.XMLFile" name="PersonalLoan" time="0.01"/>
  <testcase classname="Test.day3" name="MobileloginCarLogin" time="0.002"/>
  <testcase classname="Test.day4" name="MobileloginHomeLogin" time="0.002"/>
  <testcase classname="Test.RunningTestcasesInTestNG" name="Demo" time="0.0">
    <ignored/>
  </testcase> <!-- Demo -->
  <testcase classname="Test.day4" name="EnabledTest" time="0.0">
    <ignored/>
  </testcase> <!-- EnabledTest -->
  <testcase classname="Test.day4" name="WebloginHomeLoan" time="0.0">
    <ignored/>
  </testcase> <!-- WebloginHomeLoan -->
  <testcase classname="Test.day4" name="Timeout" time="0.0">
    <ignored/>
  </testcase> <!-- Timeout -->
  <testcase classname="Test.day4" name="APILoginHomeLoan" time="0.0">
    <ignored/>
  </testcase> <!-- APILoginHomeLoan -->
  <testcase classname="Test.day3" name="MobileSigninCarLogin" time="0.0">
    <ignored/>
  </testcase> <!-- MobileSigninCarLogin -->
  <testcase classname="Test.day3" name="MobileSignoutCarLogin" time="0.0">
    <ignored/>
  </testcase> <!-- MobileSignoutCarLogin -->
  <testcase classname="Test.day3" name="WebloginCarLoan" time="0.0">
    <ignored/>
  </testcase> <!-- WebloginCarLoan -->
  <testcase classname="Test.RunningTestcasesInTestNG" name="SecondTest" time="0.0">
    <ignored/>
  </testcase> <!-- SecondTest -->
  <testcase classname="Test.day3" name="APILoginCarLoan" time="0.0">
    <ignored/>
  </testcase> <!-- APILoginCarLoan -->
</testsuite> <!-- Regression -->
